Arguments: 
  /usr/local/bin/node /usr/local/bin/yarn run build

PATH: 
  /Users/oguzgelal/.rvm/gems/ruby-2.1.1/bin:/Users/oguzgelal/.rvm/gems/ruby-2.1.1@global/bin:/Users/oguzgelal/.rvm/rubies/ruby-2.1.1/bin:/usr/local/bin:/usr/bin:/bin:/usr/sbin:/sbin:/Users/oguzgelal/Documents/AndroidSDK/adt-bundle-mac-x86_64-20140702/sdk/platform-tools:/usr/local/opt/go/libexec/bin:/usr/local/share/npm/bin:/usr/local/bin/activator-minimal/bin:/opt/X11/bin:/usr/texbin:/Users/oguzgelal/.rvm/bin

Yarn version: 
  1.5.1

Node version: 
  8.5.0

Platform: 
  darwin x64

npm manifest: 
  {
    "name": "reclare",
    "description": "Declarative state management library for React built on top of the Context Api",
    "version": "1.0.0",
    "main": "dist/how-long-till-lunch.cjs.js",
    "module": "dist/how-long-till-lunch.esm.js",
    "browser": "dist/how-long-till-lunch.umd.js",
    "dependencies": {},
    "devDependencies": {
      "react": "^16.3.2",
      "rollup": "^0.58.0",
      "rollup-plugin-babel": "^3.0.4",
      "rollup-plugin-commonjs": "^9.1.0",
      "rollup-plugin-node-resolve": "^3.0.0",
      "rollup-plugin-uglify": "^3.0.0"
    },
    "scripts": {
      "build": "rollup -c",
      "dev": "rollup -c -w",
      "test": "node test/test.js",
      "pretest": "npm run build"
    },
    "files": [
      "dist"
    ]
  }

yarn manifest: 
  No manifest

Lockfile: 
  # THIS IS AN AUTOGENERATED FILE. DO NOT EDIT THIS FILE DIRECTLY.
  # yarn lockfile v1
  
  
  "@types/estree@0.0.38":
    version "0.0.38"
    resolved "https://registry.yarnpkg.com/@types/estree/-/estree-0.0.38.tgz#c1be40aa933723c608820a99a373a16d215a1ca2"
  
  "@types/node@*":
    version "10.0.0"
    resolved "https://registry.yarnpkg.com/@types/node/-/node-10.0.0.tgz#c40f8e07dce607d3ef25a626b93a6a7cdcf97881"
  
  arr-diff@^2.0.0:
    version "2.0.0"
    resolved "https://registry.yarnpkg.com/arr-diff/-/arr-diff-2.0.0.tgz#8f3b827f955a8bd669697e4a4256ac3ceae356cf"
    dependencies:
      arr-flatten "^1.0.1"
  
  arr-flatten@^1.0.1:
    version "1.1.0"
    resolved "https://registry.yarnpkg.com/arr-flatten/-/arr-flatten-1.1.0.tgz#36048bbff4e7b47e136644316c99669ea5ae91f1"
  
  array-unique@^0.2.1:
    version "0.2.1"
    resolved "https://registry.yarnpkg.com/array-unique/-/array-unique-0.2.1.tgz#a1d97ccafcbc2625cc70fadceb36a50c58b01a53"
  
  asap@~2.0.3:
    version "2.0.6"
    resolved "https://registry.yarnpkg.com/asap/-/asap-2.0.6.tgz#e50347611d7e690943208bbdafebcbc2fb866d46"
  
  balanced-match@^1.0.0:
    version "1.0.0"
    resolved "https://registry.yarnpkg.com/balanced-match/-/balanced-match-1.0.0.tgz#89b4d199ab2bee49de164ea02b89ce462d71b767"
  
  brace-expansion@^1.1.7:
    version "1.1.11"
    resolved "https://registry.yarnpkg.com/brace-expansion/-/brace-expansion-1.1.11.tgz#3c7fcbf529d87226f3d2f52b966ff5271eb441dd"
    dependencies:
      balanced-match "^1.0.0"
      concat-map "0.0.1"
  
  braces@^1.8.2:
    version "1.8.5"
    resolved "https://registry.yarnpkg.com/braces/-/braces-1.8.5.tgz#ba77962e12dff969d6b76711e914b737857bf6a7"
    dependencies:
      expand-range "^1.8.1"
      preserve "^0.2.0"
      repeat-element "^1.1.2"
  
  builtin-modules@^2.0.0:
    version "2.0.0"
    resolved "https://registry.yarnpkg.com/builtin-modules/-/builtin-modules-2.0.0.tgz#60b7ef5ae6546bd7deefa74b08b62a43a232648e"
  
  commander@~2.13.0:
    version "2.13.0"
    resolved "https://registry.yarnpkg.com/commander/-/commander-2.13.0.tgz#6964bca67685df7c1f1430c584f07d7597885b9c"
  
  concat-map@0.0.1:
    version "0.0.1"
    resolved "https://registry.yarnpkg.com/concat-map/-/concat-map-0.0.1.tgz#d8a96bd77fd68df7793a73036a3ba0d5405d477b"
  
  core-js@^1.0.0:
    version "1.2.7"
    resolved "https://registry.yarnpkg.com/core-js/-/core-js-1.2.7.tgz#652294c14651db28fa93bd2d5ff2983a4f08c636"
  
  encoding@^0.1.11:
    version "0.1.12"
    resolved "https://registry.yarnpkg.com/encoding/-/encoding-0.1.12.tgz#538b66f3ee62cd1ab51ec323829d1f9480c74beb"
    dependencies:
      iconv-lite "~0.4.13"
  
  estree-walker@^0.2.1:
    version "0.2.1"
    resolved "https://registry.yarnpkg.com/estree-walker/-/estree-walker-0.2.1.tgz#bdafe8095383d8414d5dc2ecf4c9173b6db9412e"
  
  estree-walker@^0.3.0:
    version "0.3.1"
    resolved "https://registry.yarnpkg.com/estree-walker/-/estree-walker-0.3.1.tgz#e6b1a51cf7292524e7237c312e5fe6660c1ce1aa"
  
  estree-walker@^0.5.1:
    version "0.5.1"
    resolved "https://registry.yarnpkg.com/estree-walker/-/estree-walker-0.5.1.tgz#64fc375053abc6f57d73e9bd2f004644ad3c5854"
  
  expand-brackets@^0.1.4:
    version "0.1.5"
    resolved "https://registry.yarnpkg.com/expand-brackets/-/expand-brackets-0.1.5.tgz#df07284e342a807cd733ac5af72411e581d1177b"
    dependencies:
      is-posix-bracket "^0.1.0"
  
  expand-range@^1.8.1:
    version "1.8.2"
    resolved "https://registry.yarnpkg.com/expand-range/-/expand-range-1.8.2.tgz#a299effd335fe2721ebae8e257ec79644fc85337"
    dependencies:
      fill-range "^2.1.0"
  
  extglob@^0.3.1:
    version "0.3.2"
    resolved "https://registry.yarnpkg.com/extglob/-/extglob-0.3.2.tgz#2e18ff3d2f49ab2765cec9023f011daa8d8349a1"
    dependencies:
      is-extglob "^1.0.0"
  
  fbjs@^0.8.16:
    version "0.8.16"
    resolved "https://registry.yarnpkg.com/fbjs/-/fbjs-0.8.16.tgz#5e67432f550dc41b572bf55847b8aca64e5337db"
    dependencies:
      core-js "^1.0.0"
      isomorphic-fetch "^2.1.1"
      loose-envify "^1.0.0"
      object-assign "^4.1.0"
      promise "^7.1.1"
      setimmediate "^1.0.5"
      ua-parser-js "^0.7.9"
  
  filename-regex@^2.0.0:
    version "2.0.1"
    resolved "https://registry.yarnpkg.com/filename-regex/-/filename-regex-2.0.1.tgz#c1c4b9bee3e09725ddb106b75c1e301fe2f18b26"
  
  fill-range@^2.1.0:
    version "2.2.3"
    resolved "https://registry.yarnpkg.com/fill-range/-/fill-range-2.2.3.tgz#50b77dfd7e469bc7492470963699fe7a8485a723"
    dependencies:
      is-number "^2.1.0"
      isobject "^2.0.0"
      randomatic "^1.1.3"
      repeat-element "^1.1.2"
      repeat-string "^1.5.2"
  
  for-in@^1.0.1:
    version "1.0.2"
    resolved "https://registry.yarnpkg.com/for-in/-/for-in-1.0.2.tgz#81068d295a8142ec0ac726c6e2200c30fb6d5e80"
  
  for-own@^0.1.4:
    version "0.1.5"
    resolved "https://registry.yarnpkg.com/for-own/-/for-own-0.1.5.tgz#5265c681a4f294dabbf17c9509b6763aa84510ce"
    dependencies:
      for-in "^1.0.1"
  
  glob-base@^0.3.0:
    version "0.3.0"
    resolved "https://registry.yarnpkg.com/glob-base/-/glob-base-0.3.0.tgz#dbb164f6221b1c0b1ccf82aea328b497df0ea3c4"
    dependencies:
      glob-parent "^2.0.0"
      is-glob "^2.0.0"
  
  glob-parent@^2.0.0:
    version "2.0.0"
    resolved "https://registry.yarnpkg.com/glob-parent/-/glob-parent-2.0.0.tgz#81383d72db054fcccf5336daa902f182f6edbb28"
    dependencies:
      is-glob "^2.0.0"
  
  iconv-lite@~0.4.13:
    version "0.4.21"
    resolved "https://registry.yarnpkg.com/iconv-lite/-/iconv-lite-0.4.21.tgz#c47f8733d02171189ebc4a400f3218d348094798"
    dependencies:
      safer-buffer "^2.1.0"
  
  is-buffer@^1.1.5:
    version "1.1.6"
    resolved "https://registry.yarnpkg.com/is-buffer/-/is-buffer-1.1.6.tgz#efaa2ea9daa0d7ab2ea13a97b2b8ad51fefbe8be"
  
  is-dotfile@^1.0.0:
    version "1.0.3"
    resolved "https://registry.yarnpkg.com/is-dotfile/-/is-dotfile-1.0.3.tgz#a6a2f32ffd2dfb04f5ca25ecd0f6b83cf798a1e1"
  
  is-equal-shallow@^0.1.3:
    version "0.1.3"
    resolved "https://registry.yarnpkg.com/is-equal-shallow/-/is-equal-shallow-0.1.3.tgz#2238098fc221de0bcfa5d9eac4c45d638aa1c534"
    dependencies:
      is-primitive "^2.0.0"
  
  is-extendable@^0.1.1:
    version "0.1.1"
    resolved "https://registry.yarnpkg.com/is-extendable/-/is-extendable-0.1.1.tgz#62b110e289a471418e3ec36a617d472e301dfc89"
  
  is-extglob@^1.0.0:
    version "1.0.0"
    resolved "https://registry.yarnpkg.com/is-extglob/-/is-extglob-1.0.0.tgz#ac468177c4943405a092fc8f29760c6ffc6206c0"
  
  is-glob@^2.0.0, is-glob@^2.0.1:
    version "2.0.1"
    resolved "https://registry.yarnpkg.com/is-glob/-/is-glob-2.0.1.tgz#d096f926a3ded5600f3fdfd91198cb0888c2d863"
    dependencies:
      is-extglob "^1.0.0"
  
  is-module@^1.0.0:
    version "1.0.0"
    resolved "https://registry.yarnpkg.com/is-module/-/is-module-1.0.0.tgz#3258fb69f78c14d5b815d664336b4cffb6441591"
  
  is-number@^2.1.0:
    version "2.1.0"
    resolved "https://registry.yarnpkg.com/is-number/-/is-number-2.1.0.tgz#01fcbbb393463a548f2f466cce16dece49db908f"
    dependencies:
      kind-of "^3.0.2"
  
  is-number@^3.0.0:
    version "3.0.0"
    resolved "https://registry.yarnpkg.com/is-number/-/is-number-3.0.0.tgz#24fd6201a4782cf50561c810276afc7d12d71195"
    dependencies:
      kind-of "^3.0.2"
  
  is-posix-bracket@^0.1.0:
    version "0.1.1"
    resolved "https://registry.yarnpkg.com/is-posix-bracket/-/is-posix-bracket-0.1.1.tgz#3334dc79774368e92f016e6fbc0a88f5cd6e6bc4"
  
  is-primitive@^2.0.0:
    version "2.0.0"
    resolved "https://registry.yarnpkg.com/is-primitive/-/is-primitive-2.0.0.tgz#207bab91638499c07b2adf240a41a87210034575"
  
  is-stream@^1.0.1:
    version "1.1.0"
    resolved "https://registry.yarnpkg.com/is-stream/-/is-stream-1.1.0.tgz#12d4a3dd4e68e0b79ceb8dbc84173ae80d91ca44"
  
  isarray@1.0.0:
    version "1.0.0"
    resolved "https://registry.yarnpkg.com/isarray/-/isarray-1.0.0.tgz#bb935d48582cba168c06834957a54a3e07124f11"
  
  isobject@^2.0.0:
    version "2.1.0"
    resolved "https://registry.yarnpkg.com/isobject/-/isobject-2.1.0.tgz#f065561096a3f1da2ef46272f815c840d87e0c89"
    dependencies:
      isarray "1.0.0"
  
  isomorphic-fetch@^2.1.1:
    version "2.2.1"
    resolved "https://registry.yarnpkg.com/isomorphic-fetch/-/isomorphic-fetch-2.2.1.tgz#611ae1acf14f5e81f729507472819fe9733558a9"
    dependencies:
      node-fetch "^1.0.1"
      whatwg-fetch ">=0.10.0"
  
  js-tokens@^3.0.0:
    version "3.0.2"
    resolved "https://registry.yarnpkg.com/js-tokens/-/js-tokens-3.0.2.tgz#9866df395102130e38f7f996bceb65443209c25b"
  
  kind-of@^3.0.2:
    version "3.2.2"
    resolved "https://registry.yarnpkg.com/kind-of/-/kind-of-3.2.2.tgz#31ea21a734bab9bbb0f32466d893aea51e4a3c64"
    dependencies:
      is-buffer "^1.1.5"
  
  kind-of@^4.0.0:
    version "4.0.0"
    resolved "https://registry.yarnpkg.com/kind-of/-/kind-of-4.0.0.tgz#20813df3d712928b207378691a45066fae72dd57"
    dependencies:
      is-buffer "^1.1.5"
  
  loose-envify@^1.0.0, loose-envify@^1.1.0, loose-envify@^1.3.1:
    version "1.3.1"
    resolved "https://registry.yarnpkg.com/loose-envify/-/loose-envify-1.3.1.tgz#d1a8ad33fa9ce0e713d65fdd0ac8b748d478c848"
    dependencies:
      js-tokens "^3.0.0"
  
  magic-string@^0.22.4:
    version "0.22.5"
    resolved "https://registry.yarnpkg.com/magic-string/-/magic-string-0.22.5.tgz#8e9cf5afddf44385c1da5bc2a6a0dbd10b03657e"
    dependencies:
      vlq "^0.2.2"
  
  micromatch@^2.3.11:
    version "2.3.11"
    resolved "https://registry.yarnpkg.com/micromatch/-/micromatch-2.3.11.tgz#86677c97d1720b363431d04d0d15293bd38c1565"
    dependencies:
      arr-diff "^2.0.0"
      array-unique "^0.2.1"
      braces "^1.8.2"
      expand-brackets "^0.1.4"
      extglob "^0.3.1"
      filename-regex "^2.0.0"
      is-extglob "^1.0.0"
      is-glob "^2.0.1"
      kind-of "^3.0.2"
      normalize-path "^2.0.1"
      object.omit "^2.0.0"
      parse-glob "^3.0.4"
      regex-cache "^0.4.2"
  
  minimatch@^3.0.2:
    version "3.0.4"
    resolved "https://registry.yarnpkg.com/minimatch/-/minimatch-3.0.4.tgz#5166e286457f03306064be5497e8dbb0c3d32083"
    dependencies:
      brace-expansion "^1.1.7"
  
  node-fetch@^1.0.1:
    version "1.7.3"
    resolved "https://registry.yarnpkg.com/node-fetch/-/node-fetch-1.7.3.tgz#980f6f72d85211a5347c6b2bc18c5b84c3eb47ef"
    dependencies:
      encoding "^0.1.11"
      is-stream "^1.0.1"
  
  normalize-path@^2.0.1:
    version "2.1.1"
    resolved "https://registry.yarnpkg.com/normalize-path/-/normalize-path-2.1.1.tgz#1ab28b556e198363a8c1a6f7e6fa20137fe6aed9"
    dependencies:
      remove-trailing-separator "^1.0.1"
  
  object-assign@^4.1.0, object-assign@^4.1.1:
    version "4.1.1"
    resolved "https://registry.yarnpkg.com/object-assign/-/object-assign-4.1.1.tgz#2109adc7965887cfc05cbbd442cac8bfbb360863"
  
  object.omit@^2.0.0:
    version "2.0.1"
    resolved "https://registry.yarnpkg.com/object.omit/-/object.omit-2.0.1.tgz#1a9c744829f39dbb858c76ca3579ae2a54ebd1fa"
    dependencies:
      for-own "^0.1.4"
      is-extendable "^0.1.1"
  
  parse-glob@^3.0.4:
    version "3.0.4"
    resolved "https://registry.yarnpkg.com/parse-glob/-/parse-glob-3.0.4.tgz#b2c376cfb11f35513badd173ef0bb6e3a388391c"
    dependencies:
      glob-base "^0.3.0"
      is-dotfile "^1.0.0"
      is-extglob "^1.0.0"
      is-glob "^2.0.0"
  
  path-parse@^1.0.5:
    version "1.0.5"
    resolved "https://registry.yarnpkg.com/path-parse/-/path-parse-1.0.5.tgz#3c1adf871ea9cd6c9431b6ea2bd74a0ff055c4c1"
  
  preserve@^0.2.0:
    version "0.2.0"
    resolved "https://registry.yarnpkg.com/preserve/-/preserve-0.2.0.tgz#815ed1f6ebc65926f865b310c0713bcb3315ce4b"
  
  promise@^7.1.1:
    version "7.3.1"
    resolved "https://registry.yarnpkg.com/promise/-/promise-7.3.1.tgz#064b72602b18f90f29192b8b1bc418ffd1ebd3bf"
    dependencies:
      asap "~2.0.3"
  
  prop-types@^15.6.0:
    version "15.6.1"
    resolved "https://registry.yarnpkg.com/prop-types/-/prop-types-15.6.1.tgz#36644453564255ddda391191fb3a125cbdf654ca"
    dependencies:
      fbjs "^0.8.16"
      loose-envify "^1.3.1"
      object-assign "^4.1.1"
  
  randomatic@^1.1.3:
    version "1.1.7"
    resolved "https://registry.yarnpkg.com/randomatic/-/randomatic-1.1.7.tgz#c7abe9cc8b87c0baa876b19fde83fd464797e38c"
    dependencies:
      is-number "^3.0.0"
      kind-of "^4.0.0"
  
  react@^16.3.2:
    version "16.3.2"
    resolved "https://registry.yarnpkg.com/react/-/react-16.3.2.tgz#fdc8420398533a1e58872f59091b272ce2f91ea9"
    dependencies:
      fbjs "^0.8.16"
      loose-envify "^1.1.0"
      object-assign "^4.1.1"
      prop-types "^15.6.0"
  
  regex-cache@^0.4.2:
    version "0.4.4"
    resolved "https://registry.yarnpkg.com/regex-cache/-/regex-cache-0.4.4.tgz#75bdc58a2a1496cec48a12835bc54c8d562336dd"
    dependencies:
      is-equal-shallow "^0.1.3"
  
  remove-trailing-separator@^1.0.1:
    version "1.1.0"
    resolved "https://registry.yarnpkg.com/remove-trailing-separator/-/remove-trailing-separator-1.1.0.tgz#c24bce2a283adad5bc3f58e0d48249b92379d8ef"
  
  repeat-element@^1.1.2:
    version "1.1.2"
    resolved "https://registry.yarnpkg.com/repeat-element/-/repeat-element-1.1.2.tgz#ef089a178d1483baae4d93eb98b4f9e4e11d990a"
  
  repeat-string@^1.5.2:
    version "1.6.1"
    resolved "https://registry.yarnpkg.com/repeat-string/-/repeat-string-1.6.1.tgz#8dcae470e1c88abc2d600fff4a776286da75e637"
  
  resolve@^1.1.6, resolve@^1.5.0:
    version "1.7.1"
    resolved "https://registry.yarnpkg.com/resolve/-/resolve-1.7.1.tgz#aadd656374fd298aee895bc026b8297418677fd3"
    dependencies:
      path-parse "^1.0.5"
  
  rollup-plugin-babel@^3.0.4:
    version "3.0.4"
    resolved "https://registry.yarnpkg.com/rollup-plugin-babel/-/rollup-plugin-babel-3.0.4.tgz#41b3e762fe64450dd61da3105a2cf7ad76be4edc"
    dependencies:
      rollup-pluginutils "^1.5.0"
  
  rollup-plugin-commonjs@^9.1.0:
    version "9.1.0"
    resolved "https://registry.yarnpkg.com/rollup-plugin-commonjs/-/rollup-plugin-commonjs-9.1.0.tgz#468341aab32499123ee9a04b22f51d9bf26fdd94"
    dependencies:
      estree-walker "^0.5.1"
      magic-string "^0.22.4"
      resolve "^1.5.0"
      rollup-pluginutils "^2.0.1"
  
  rollup-plugin-node-resolve@^3.0.0:
    version "3.3.0"
    resolved "https://registry.yarnpkg.com/rollup-plugin-node-resolve/-/rollup-plugin-node-resolve-3.3.0.tgz#c26d110a36812cbefa7ce117cadcd3439aa1c713"
    dependencies:
      builtin-modules "^2.0.0"
      is-module "^1.0.0"
      resolve "^1.1.6"
  
  rollup-plugin-uglify@^3.0.0:
    version "3.0.0"
    resolved "https://registry.yarnpkg.com/rollup-plugin-uglify/-/rollup-plugin-uglify-3.0.0.tgz#a34eca24617709c6bf1778e9653baafa06099b86"
    dependencies:
      uglify-es "^3.3.7"
  
  rollup-pluginutils@^1.5.0:
    version "1.5.2"
    resolved "https://registry.yarnpkg.com/rollup-pluginutils/-/rollup-pluginutils-1.5.2.tgz#1e156e778f94b7255bfa1b3d0178be8f5c552408"
    dependencies:
      estree-walker "^0.2.1"
      minimatch "^3.0.2"
  
  rollup-pluginutils@^2.0.1:
    version "2.0.1"
    resolved "https://registry.yarnpkg.com/rollup-pluginutils/-/rollup-pluginutils-2.0.1.tgz#7ec95b3573f6543a46a6461bd9a7c544525d0fc0"
    dependencies:
      estree-walker "^0.3.0"
      micromatch "^2.3.11"
  
  rollup@^0.58.0:
    version "0.58.2"
    resolved "https://registry.yarnpkg.com/rollup/-/rollup-0.58.2.tgz#2feddea8c0c022f3e74b35c48e3c21b3433803ce"
    dependencies:
      "@types/estree" "0.0.38"
      "@types/node" "*"
  
  safer-buffer@^2.1.0:
    version "2.1.2"
    resolved "https://registry.yarnpkg.com/safer-buffer/-/safer-buffer-2.1.2.tgz#44fa161b0187b9549dd84bb91802f9bd8385cd6a"
  
  setimmediate@^1.0.5:
    version "1.0.5"
    resolved "https://registry.yarnpkg.com/setimmediate/-/setimmediate-1.0.5.tgz#290cbb232e306942d7d7ea9b83732ab7856f8285"
  
  source-map@~0.6.1:
    version "0.6.1"
    resolved "https://registry.yarnpkg.com/source-map/-/source-map-0.6.1.tgz#74722af32e9614e9c287a8d0bbde48b5e2f1a263"
  
  ua-parser-js@^0.7.9:
    version "0.7.17"
    resolved "https://registry.yarnpkg.com/ua-parser-js/-/ua-parser-js-0.7.17.tgz#e9ec5f9498b9ec910e7ae3ac626a805c4d09ecac"
  
  uglify-es@^3.3.7:
    version "3.3.9"
    resolved "https://registry.yarnpkg.com/uglify-es/-/uglify-es-3.3.9.tgz#0c1c4f0700bed8dbc124cdb304d2592ca203e677"
    dependencies:
      commander "~2.13.0"
      source-map "~0.6.1"
  
  vlq@^0.2.2:
    version "0.2.3"
    resolved "https://registry.yarnpkg.com/vlq/-/vlq-0.2.3.tgz#8f3e4328cf63b1540c0d67e1b2778386f8975b26"
  
  whatwg-fetch@>=0.10.0:
    version "2.0.4"
    resolved "https://registry.yarnpkg.com/whatwg-fetch/-/whatwg-fetch-2.0.4.tgz#dde6a5df315f9d39991aa17621853d720b85566f"

Trace: 
  Error: Command failed.
  Exit code: 1
  Command: sh
  Arguments: -c rollup -c
  Directory: /Users/oguzgelal/Core/Oguz/web/2018/reclare
  Output:
  
      at ProcessTermError.MessageError (/usr/local/lib/node_modules/yarn/lib/cli.js:186:110)
      at new ProcessTermError (/usr/local/lib/node_modules/yarn/lib/cli.js:226:113)
      at ChildProcess.<anonymous> (/usr/local/lib/node_modules/yarn/lib/cli.js:30281:17)
      at emitTwo (events.js:125:13)
      at ChildProcess.emit (events.js:213:7)
      at maybeClose (internal/child_process.js:927:16)
      at Process.ChildProcess._handle.onexit (internal/child_process.js:211:5)
